<?xml version="1.0" encoding="UTF-8"?>
<!-- Generated by org.testng.reporters.JUnitXMLReporter -->
<testsuite ignored="0" hostname="Minhs-Air.lan" failures="0" tests="4" name="Default test" time="2.723" errors="0" timestamp="2023-08-29T23:41:34 CDT">
  <testcase classname="com.spree.Create_Cart_AddItem_Associate_User" name="createCart" time="0.314"/>
  <testcase classname="com.spree.Create_Cart_AddItem_Associate_User" name="addItemToCart" time="0.65"/>
  <testcase classname="com.spree.Create_Cart_AddItem_Associate_User" name="associateCartToUser" time="0.254"/>
  <testcase classname="com.spree.Create_Cart_AddItem_Associate_User" name="deleteCart" time="0.25"/>
</testsuite> <!-- Default test -->
