<?xml version="1.0" encoding="UTF-8"?>
<testng-results ignored="0" total="4" passed="4" failed="0" skipped="0">
  <reporter-output>
  </reporter-output>
  <suite started-at="2023-08-30T13:24:10 UTC" name="Default suite" finished-at="2023-08-30T13:24:18 UTC" duration-ms="7635">
    <groups>
    </groups>
    <test started-at="2023-08-30T13:24:10 UTC" name="Default test" finished-at="2023-08-30T13:24:18 UTC" duration-ms="7635">
      <class name="com.spree.Create_Cart_AddItem_Associate_User">
        <test-method is-config="true" signature="pre_condition()[pri:0, instance:com.spree.Create_Cart_AddItem_Associate_User@128d2484]" started-at="2023-08-30T13:24:10 UTC" name="pre_condition" finished-at="2023-08-30T13:24:14 UTC" duration-ms="3836" status="PASS">
          <reporter-output>
          </reporter-output>
        </test-method> <!-- pre_condition -->
        <test-method signature="createCart()[pri:1, instance:com.spree.Create_Cart_AddItem_Associate_User@128d2484]" started-at="2023-08-30T13:24:14 UTC" name="createCart" finished-at="2023-08-30T13:24:15 UTC" duration-ms="826" status="PASS">
          <reporter-output>
          </reporter-output>
        </test-method> <!-- createCart -->
        <test-method signature="addItemToCart()[pri:2, instance:com.spree.Create_Cart_AddItem_Associate_User@128d2484]" started-at="2023-08-30T13:24:15 UTC" name="addItemToCart" finished-at="2023-08-30T13:24:16 UTC" duration-ms="1290" status="PASS">
          <reporter-output>
          </reporter-output>
        </test-method> <!-- addItemToCart -->
        <test-method signature="associateCartToUser()[pri:3, instance:com.spree.Create_Cart_AddItem_Associate_User@128d2484]" started-at="2023-08-30T13:24:16 UTC" name="associateCartToUser" finished-at="2023-08-30T13:24:17 UTC" duration-ms="800" status="PASS">
          <reporter-output>
          </reporter-output>
        </test-method> <!-- associateCartToUser -->
        <test-method signature="deleteCart()[pri:4, instance:com.spree.Create_Cart_AddItem_Associate_User@128d2484]" started-at="2023-08-30T13:24:17 UTC" name="deleteCart" finished-at="2023-08-30T13:24:18 UTC" duration-ms="850" status="PASS">
          <reporter-output>
          </reporter-output>
        </test-method> <!-- deleteCart -->
      </class> <!-- com.spree.Create_Cart_AddItem_Associate_User -->
    </test> <!-- Default test -->
  </suite> <!-- Default suite -->
</testng-results>
