<?xml version="1.0" encoding="UTF-8"?>
<testng-results ignored="0" total="2" passed="2" failed="0" skipped="0">
  <reporter-output>
  </reporter-output>
  <suite started-at="2023-08-29T20:15:48 UTC" name="Default suite" finished-at="2023-08-29T20:15:52 UTC" duration-ms="4076">
    <groups>
    </groups>
    <test started-at="2023-08-29T20:15:48 UTC" name="Default test" finished-at="2023-08-29T20:15:52 UTC" duration-ms="4076">
      <class name="com.spree.Create_an_Address_also_Update_An_Address_Using_File">
        <test-method is-config="true" signature="pre_condition()[pri:0, instance:com.spree.Create_an_Address_also_Update_An_Address_Using_File@4d5d943d]" started-at="2023-08-29T20:15:48 UTC" name="pre_condition" finished-at="2023-08-29T20:15:50 UTC" duration-ms="2318" status="PASS">
          <reporter-output>
          </reporter-output>
        </test-method> <!-- pre_condition -->
        <test-method signature="Create_Address()[pri:1, instance:com.spree.Create_an_Address_also_Update_An_Address_Using_File@4d5d943d]" started-at="2023-08-29T20:15:50 UTC" name="Create_Address" finished-at="2023-08-29T20:15:51 UTC" duration-ms="995" status="PASS">
          <reporter-output>
          </reporter-output>
        </test-method> <!-- Create_Address -->
        <test-method signature="Update_Address()[pri:2, instance:com.spree.Create_an_Address_also_Update_An_Address_Using_File@4d5d943d]" started-at="2023-08-29T20:15:51 UTC" name="Update_Address" finished-at="2023-08-29T20:15:52 UTC" duration-ms="731" status="PASS">
          <reporter-output>
          </reporter-output>
        </test-method> <!-- Update_Address -->
      </class> <!-- com.spree.Create_an_Address_also_Update_An_Address_Using_File -->
    </test> <!-- Default test -->
  </suite> <!-- Default suite -->
</testng-results>
